0 info it worked if it ends with ok
1 verbose cli [ '/usr/local/bin/node',
1 verbose cli   '/usr/local/bin/npm',
1 verbose cli   'install',
1 verbose cli   '-g',
1 verbose cli   'modulus' ]
2 info using npm@2.15.5
3 info using node@v4.4.5
4 verbose install initial load of /usr/local/lib/package.json
5 verbose readDependencies loading dependencies from /usr/local/lib/package.json
6 silly cache add args [ 'modulus', null ]
7 verbose cache add spec modulus
8 silly cache add parsed spec Result {
8 silly cache add   raw: 'modulus',
8 silly cache add   scope: null,
8 silly cache add   name: 'modulus',
8 silly cache add   rawSpec: '',
8 silly cache add   spec: 'latest',
8 silly cache add   type: 'tag' }
9 silly addNamed modulus@latest
10 verbose addNamed "latest" is being treated as a dist-tag for modulus
11 info addNameTag [ 'modulus', 'latest' ]
12 silly mapToRegistry name modulus
13 silly mapToRegistry using default registry
14 silly mapToRegistry registry https://registry.npmjs.org/
15 silly mapToRegistry data Result {
15 silly mapToRegistry   raw: 'modulus',
15 silly mapToRegistry   scope: null,
15 silly mapToRegistry   name: 'modulus',
15 silly mapToRegistry   rawSpec: '',
15 silly mapToRegistry   spec: 'latest',
15 silly mapToRegistry   type: 'tag' }
16 silly mapToRegistry uri https://registry.npmjs.org/modulus
17 verbose addNameTag registry:https://registry.npmjs.org/modulus not in flight; fetching
18 verbose request uri https://registry.npmjs.org/modulus
19 verbose request no auth needed
20 info attempt registry request try #1 at 16:45:05
21 verbose request id 72ee82e878ae9620
22 http request GET https://registry.npmjs.org/modulus
23 http 200 https://registry.npmjs.org/modulus
24 verbose headers { server: 'CouchDB/1.5.0 (Erlang OTP/R16B03)',
24 verbose headers   etag: '"EJLRCZIMN61CWVKC7BJTUNT2V"',
24 verbose headers   'content-type': 'application/json',
24 verbose headers   'content-encoding': 'gzip',
24 verbose headers   'cache-control': 'max-age=300',
24 verbose headers   'content-length': '17942',
24 verbose headers   'accept-ranges': 'bytes',
24 verbose headers   date: 'Fri, 17 Jun 2016 07:45:05 GMT',
24 verbose headers   via: '1.1 varnish',
24 verbose headers   age: '0',
24 verbose headers   connection: 'keep-alive',
24 verbose headers   'x-served-by': 'cache-nrt6124-NRT',
24 verbose headers   'x-cache': 'MISS',
24 verbose headers   'x-cache-hits': '0',
24 verbose headers   'x-timer': 'S1466149505.250209,VS0,VE631',
24 verbose headers   vary: 'Accept-Encoding' }
25 silly get cb [ 200,
25 silly get   { server: 'CouchDB/1.5.0 (Erlang OTP/R16B03)',
25 silly get     etag: '"EJLRCZIMN61CWVKC7BJTUNT2V"',
25 silly get     'content-type': 'application/json',
25 silly get     'content-encoding': 'gzip',
25 silly get     'cache-control': 'max-age=300',
25 silly get     'content-length': '17942',
25 silly get     'accept-ranges': 'bytes',
25 silly get     date: 'Fri, 17 Jun 2016 07:45:05 GMT',
25 silly get     via: '1.1 varnish',
25 silly get     age: '0',
25 silly get     connection: 'keep-alive',
25 silly get     'x-served-by': 'cache-nrt6124-NRT',
25 silly get     'x-cache': 'MISS',
25 silly get     'x-cache-hits': '0',
25 silly get     'x-timer': 'S1466149505.250209,VS0,VE631',
25 silly get     vary: 'Accept-Encoding' } ]
26 verbose get saving modulus to /Users/unfixed/.npm/registry.npmjs.org/modulus/.cache.json
27 verbose correctMkdir /Users/unfixed/.npm correctMkdir not in flight; initializing
28 verbose makeDirectory /Users/unfixed/.npm creation not in flight; initializing
29 silly makeDirectory /Users/unfixed/.npm uid: 501 gid: 20
30 silly addNameTag next cb for modulus with tag latest
31 silly addNamed modulus@6.0.0
32 verbose addNamed "6.0.0" is a plain semver version for modulus
33 silly mapToRegistry name modulus
34 silly mapToRegistry using default registry
35 silly mapToRegistry registry https://registry.npmjs.org/
36 silly mapToRegistry data Result {
36 silly mapToRegistry   raw: 'modulus',
36 silly mapToRegistry   scope: null,
36 silly mapToRegistry   name: 'modulus',
36 silly mapToRegistry   rawSpec: '',
36 silly mapToRegistry   spec: 'latest',
36 silly mapToRegistry   type: 'tag' }
37 silly mapToRegistry uri https://registry.npmjs.org/modulus
38 verbose addRemoteTarball https://registry.npmjs.org/modulus/-/modulus-6.0.0.tgz not in flight; adding
39 verbose addRemoteTarball [ 'https://registry.npmjs.org/modulus/-/modulus-6.0.0.tgz',
39 verbose addRemoteTarball   'f25a5077749d96b7de3cd84020f893970e0b5016' ]
40 info retry fetch attempt 1 at 16:45:06
41 info attempt registry request try #1 at 16:45:06
42 http fetch GET https://registry.npmjs.org/modulus/-/modulus-6.0.0.tgz
43 http fetch 200 https://registry.npmjs.org/modulus/-/modulus-6.0.0.tgz
44 silly fetchAndShaCheck shasum f25a5077749d96b7de3cd84020f893970e0b5016
45 verbose addTmpTarball /var/folders/pn/vjlrg3nd033ct8k1tl8jk8080000gn/T/npm-2645-a1158f1a/registry.npmjs.org/modulus/-/modulus-6.0.0.tgz not in flight; adding
46 verbose addTmpTarball already have metadata; skipping unpack for modulus@6.0.0
47 verbose correctMkdir /Users/unfixed/.npm correctMkdir not in flight; initializing
48 silly cache afterAdd modulus@6.0.0
49 verbose afterAdd /Users/unfixed/.npm/modulus/6.0.0/package/package.json not in flight; writing
50 verbose correctMkdir /Users/unfixed/.npm correctMkdir not in flight; initializing
51 verbose afterAdd /Users/unfixed/.npm/modulus/6.0.0/package/package.json written
52 silly install resolved [ { name: 'modulus',
52 silly install resolved     description: 'The command line interface for deploying applications to the Modulus hosting platform.',
52 silly install resolved     keywords:
52 silly install resolved      [ 'cli',
52 silly install resolved        'modulus',
52 silly install resolved        'hosting',
52 silly install resolved        'cloud hosting',
52 silly install resolved        'paas',
52 silly install resolved        'platform-as-a-service',
52 silly install resolved        'deployment',
52 silly install resolved        'deploy',
52 silly install resolved        'command line',
52 silly install resolved        'modulusio' ],
52 silly install resolved     version: '6.0.0',
52 silly install resolved     author: { name: 'Modulus', email: 'feedback@modulus.io' },
52 silly install resolved     maintainers: [ [Object], [Object], [Object], [Object] ],
52 silly install resolved     repository:
52 silly install resolved      { type: 'git',
52 silly install resolved        url: 'git+https://github.com/onmodulus/modulus-cli.git' },
52 silly install resolved     licenses: [ [Object] ],
52 silly install resolved     dependencies:
52 silly install resolved      { async: '0.1.x',
52 silly install resolved        colors: '0.6.x',
52 silly install resolved        'commander-plus': '0.0.x',
52 silly install resolved        'find-file-sync': '0.0.2',
52 silly install resolved        'fs-tools': '~0.2.10',
52 silly install resolved        'fstream-ignore': '0.0.x',
52 silly install resolved        'node-uuid': '1.3.3',
52 silly install resolved        progress: '0.1.x',
52 silly install resolved        prompt: '0.2.x',
52 silly install resolved        request: '2.27.x',
52 silly install resolved        split: '0.3.0',
52 silly install resolved        'text-table': '0.2.0',
52 silly install resolved        through: '2.3.4',
52 silly install resolved        underscore: '1.4.x',
52 silly install resolved        'update-notifier': '~0.1.7',
52 silly install resolved        'zip-stream': '0.5.1' },
52 silly install resolved     devDependencies: { mocha: '1.5.x', express: '3.0.x' },
52 silly install resolved     main: './lib/modulus',
52 silly install resolved     bin: { modulus: './bin/modulus' },
52 silly install resolved     preferGlobal: true,
52 silly install resolved     engines: { node: '>= 0.8.0' },
52 silly install resolved     scripts: {},
52 silly install resolved     gitHead: 'dd015e1629598917c32dc201d15843399f4e61da',
52 silly install resolved     bugs: { url: 'https://github.com/onmodulus/modulus-cli/issues' },
52 silly install resolved     homepage: 'https://github.com/onmodulus/modulus-cli#readme',
52 silly install resolved     _id: 'modulus@6.0.0',
52 silly install resolved     _shasum: 'f25a5077749d96b7de3cd84020f893970e0b5016',
52 silly install resolved     _from: 'modulus@latest',
52 silly install resolved     _npmVersion: '3.6.0',
52 silly install resolved     _nodeVersion: '5.6.0',
52 silly install resolved     _npmUser: { name: 'fiveisprime', email: 'matt@modulus.io' },
52 silly install resolved     dist:
52 silly install resolved      { shasum: 'f25a5077749d96b7de3cd84020f893970e0b5016',
52 silly install resolved        tarball: 'https://registry.npmjs.org/modulus/-/modulus-6.0.0.tgz' },
52 silly install resolved     _npmOperationalInternal:
52 silly install resolved      { host: 'packages-12-west.internal.npmjs.com',
52 silly install resolved        tmp: 'tmp/modulus-6.0.0.tgz_1459527999611_0.7400103148538619' },
52 silly install resolved     directories: {},
52 silly install resolved     _resolved: 'https://registry.npmjs.org/modulus/-/modulus-6.0.0.tgz' } ]
53 info install modulus@6.0.0 into /usr/local/lib
54 info installOne modulus@6.0.0
55 verbose installOne of modulus to /usr/local/lib not in flight; installing
56 verbose correctMkdir /Users/unfixed/.npm/_locks correctMkdir not in flight; initializing
57 verbose makeDirectory /Users/unfixed/.npm/_locks creation not in flight; initializing
58 silly makeDirectory /Users/unfixed/.npm/_locks uid: 501 gid: 20
59 verbose lock using /Users/unfixed/.npm/_locks/modulus-73bdd4db349978f1.lock for /usr/local/lib/node_modules/modulus
60 silly install write writing modulus 6.0.0 to /usr/local/lib/node_modules/modulus
61 verbose unbuild lib/node_modules/modulus
62 silly gentlyRm /usr/local/lib/node_modules/modulus is being purged from base /usr/local
63 verbose gentlyRm don't care about contents; nuking /usr/local/lib/node_modules/modulus
64 verbose tar unpack /Users/unfixed/.npm/modulus/6.0.0/package.tgz
65 verbose tar unpacking to /usr/local/lib/node_modules/modulus
66 silly gentlyRm /usr/local/lib/node_modules/modulus is being purged
67 verbose gentlyRm don't care about contents; nuking /usr/local/lib/node_modules/modulus
68 silly gunzTarPerm modes [ '755', '644' ]
69 error tar.unpack untar error /Users/unfixed/.npm/modulus/6.0.0/package.tgz
70 verbose unlock done using /Users/unfixed/.npm/_locks/modulus-73bdd4db349978f1.lock for /usr/local/lib/node_modules/modulus
71 verbose fstream_path /usr/local/lib/node_modules/modulus
72 verbose fstream_type Directory
73 verbose fstream_class DirWriter
74 verbose stack Error: EACCES: permission denied, mkdir '/usr/local/lib/node_modules/modulus'
74 verbose stack     at Error (native)
75 verbose fstream_stack /usr/local/lib/node_modules/npm/node_modules/fstream/lib/dir-writer.js:35:25
75 verbose fstream_stack /usr/local/lib/node_modules/npm/node_modules/mkdirp/index.js:47:53
75 verbose fstream_stack FSReqWrap.oncomplete (fs.js:82:15)
76 verbose cwd /Users/unfixed/microscope
77 error Darwin 15.5.0
78 error argv "/usr/local/bin/node" "/usr/local/bin/npm" "install" "-g" "modulus"
79 error node v4.4.5
80 error npm  v2.15.5
81 error path /usr/local/lib/node_modules/modulus
82 error code EACCES
83 error errno -13
84 error syscall mkdir
85 error Error: EACCES: permission denied, mkdir '/usr/local/lib/node_modules/modulus'
85 error     at Error (native)
85 error  { [Error: EACCES: permission denied, mkdir '/usr/local/lib/node_modules/modulus']
85 error   errno: -13,
85 error   code: 'EACCES',
85 error   syscall: 'mkdir',
85 error   path: '/usr/local/lib/node_modules/modulus',
85 error   fstream_type: 'Directory',
85 error   fstream_path: '/usr/local/lib/node_modules/modulus',
85 error   fstream_class: 'DirWriter',
85 error   fstream_stack:
85 error    [ '/usr/local/lib/node_modules/npm/node_modules/fstream/lib/dir-writer.js:35:25',
85 error      '/usr/local/lib/node_modules/npm/node_modules/mkdirp/index.js:47:53',
85 error      'FSReqWrap.oncomplete (fs.js:82:15)' ] }
86 error Please try running this command again as root/Administrator.
87 verbose exit [ -13, true ]
88 verbose unbuild lib/node_modules/modulus
89 silly gentlyRm /usr/local/lib/node_modules/modulus is being purged from base /usr/local
90 verbose gentlyRm don't care about contents; nuking /usr/local/lib/node_modules/modulus
